Analysis & Synthesis report for IFE_Display_2017
Tue Nov 07 00:13:48 2017
Quartus II 64-Bit Version 13.0.1 Build 232 06/12/2013 Service Pack 1 SJ Web Edition


---------------------
; Table of Contents ;
---------------------
  1. Legal Notice
  2. Analysis & Synthesis Summary
  3. Analysis & Synthesis Settings
  4. Parallel Compilation
  5. Analysis & Synthesis Source Files Read
  6. Analysis & Synthesis Resource Usage Summary
  7. Analysis & Synthesis Resource Utilization by Entity
  8. State Machine - |top|display_controller:display|state_clk
  9. Registers Removed During Synthesis
 10. General Register Statistics
 11. Parameter Settings for User Entity Instance: display_controller:display
 12. Port Connectivity Checks: "display_controller:display"
 13. Elapsed Time Per Partition
 14. Analysis & Synthesis Messages



----------------
; Legal Notice ;
----------------
Copyright (C) 1991-2013 Altera Corporation
Your use of Altera Corporation's design tools, logic functions 
and other software and tools, and its AMPP partner logic 
functions, and any output files from any of the foregoing 
(including device programming or simulation files), and any 
associated documentation or information are expressly subject 
to the terms and conditions of the Altera Program License 
Subscription Agreement, Altera MegaCore Function License 
Agreement, or other applicable license agreement, including, 
without limitation, that your use is for the sole purpose of 
programming logic devices manufactured by Altera and sold by 
Altera or its authorized distributors.  Please refer to the 
applicable agreement for further details.



+--------------------------------------------------------------------------------------+
; Analysis & Synthesis Summary                                                         ;
+------------------------------------+-------------------------------------------------+
; Analysis & Synthesis Status        ; Successful - Tue Nov 07 00:13:48 2017           ;
; Quartus II 64-Bit Version          ; 13.0.1 Build 232 06/12/2013 SP 1 SJ Web Edition ;
; Revision Name                      ; IFE_Display_2017                                ;
; Top-level Entity Name              ; top                                             ;
; Family                             ; Cyclone II                                      ;
; Total logic elements               ; 49                                              ;
;     Total combinational functions  ; 45                                              ;
;     Dedicated logic registers      ; 26                                              ;
; Total registers                    ; 26                                              ;
; Total pins                         ; 43                                              ;
; Total virtual pins                 ; 0                                               ;
; Total memory bits                  ; 0                                               ;
; Embedded Multiplier 9-bit elements ; 0                                               ;
; Total PLLs                         ; 0                                               ;
+------------------------------------+-------------------------------------------------+


+----------------------------------------------------------------------------------------------------------------------+
; Analysis & Synthesis Settings                                                                                        ;
+----------------------------------------------------------------------------+--------------------+--------------------+
; Option                                                                     ; Setting            ; Default Value      ;
+----------------------------------------------------------------------------+--------------------+--------------------+
; Device                                                                     ; EP2C5T144C8        ;                    ;
; Top-level entity name                                                      ; top                ; IFE_Display_2017   ;
; Family name                                                                ; Cyclone II         ; Cyclone IV GX      ;
; Use smart compilation                                                      ; Off                ; Off                ;
; Enable parallel Assembler and TimeQuest Timing Analyzer during compilation ; On                 ; On                 ;
; Enable compact report table                                                ; Off                ; Off                ;
; Restructure Multiplexers                                                   ; Auto               ; Auto               ;
; Create Debugging Nodes for IP Cores                                        ; Off                ; Off                ;
; Preserve fewer node names                                                  ; On                 ; On                 ;
; Disable OpenCore Plus hardware evaluation                                  ; Off                ; Off                ;
; Verilog Version                                                            ; Verilog_2001       ; Verilog_2001       ;
; VHDL Version                                                               ; VHDL_1993          ; VHDL_1993          ;
; State Machine Processing                                                   ; Auto               ; Auto               ;
; Safe State Machine                                                         ; Off                ; Off                ;
; Extract Verilog State Machines                                             ; On                 ; On                 ;
; Extract VHDL State Machines                                                ; On                 ; On                 ;
; Ignore Verilog initial constructs                                          ; Off                ; Off                ;
; Iteration limit for constant Verilog loops                                 ; 5000               ; 5000               ;
; Iteration limit for non-constant Verilog loops                             ; 250                ; 250                ;
; Add Pass-Through Logic to Inferred RAMs                                    ; On                 ; On                 ;
; Infer RAMs from Raw Logic                                                  ; On                 ; On                 ;
; Parallel Synthesis                                                         ; On                 ; On                 ;
; DSP Block Balancing                                                        ; Auto               ; Auto               ;
; NOT Gate Push-Back                                                         ; On                 ; On                 ;
; Power-Up Don't Care                                                        ; On                 ; On                 ;
; Remove Redundant Logic Cells                                               ; Off                ; Off                ;
; Remove Duplicate Registers                                                 ; On                 ; On                 ;
; Ignore CARRY Buffers                                                       ; Off                ; Off                ;
; Ignore CASCADE Buffers                                                     ; Off                ; Off                ;
; Ignore GLOBAL Buffers                                                      ; Off                ; Off                ;
; Ignore ROW GLOBAL Buffers                                                  ; Off                ; Off                ;
; Ignore LCELL Buffers                                                       ; Off                ; Off                ;
; Ignore SOFT Buffers                                                        ; On                 ; On                 ;
; Limit AHDL Integers to 32 Bits                                             ; Off                ; Off                ;
; Optimization Technique                                                     ; Balanced           ; Balanced           ;
; Carry Chain Length                                                         ; 70                 ; 70                 ;
; Auto Carry Chains                                                          ; On                 ; On                 ;
; Auto Open-Drain Pins                                                       ; On                 ; On                 ;
; Perform WYSIWYG Primitive Resynthesis                                      ; Off                ; Off                ;
; Auto ROM Replacement                                                       ; On                 ; On                 ;
; Auto RAM Replacement                                                       ; On                 ; On                 ;
; Auto Shift Register Replacement                                            ; Auto               ; Auto               ;
; Allow Shift Register Merging across Hierarchies                            ; Auto               ; Auto               ;
; Auto Clock Enable Replacement                                              ; On                 ; On                 ;
; Strict RAM Replacement                                                     ; Off                ; Off                ;
; Allow Synchronous Control Signals                                          ; On                 ; On                 ;
; Force Use of Synchronous Clear Signals                                     ; Off                ; Off                ;
; Auto RAM to Logic Cell Conversion                                          ; Off                ; Off                ;
; Auto Resource Sharing                                                      ; Off                ; Off                ;
; Allow Any RAM Size For Recognition                                         ; Off                ; Off                ;
; Allow Any ROM Size For Recognition                                         ; Off                ; Off                ;
; Allow Any Shift Register Size For Recognition                              ; Off                ; Off                ;
; Use LogicLock Constraints during Resource Balancing                        ; On                 ; On                 ;
; Ignore translate_off and synthesis_off directives                          ; Off                ; Off                ;
; Timing-Driven Synthesis                                                    ; Off                ; Off                ;
; Report Parameter Settings                                                  ; On                 ; On                 ;
; Report Source Assignments                                                  ; On                 ; On                 ;
; Report Connectivity Checks                                                 ; On                 ; On                 ;
; Ignore Maximum Fan-Out Assignments                                         ; Off                ; Off                ;
; Synchronization Register Chain Length                                      ; 2                  ; 2                  ;
; PowerPlay Power Optimization                                               ; Normal compilation ; Normal compilation ;
; HDL message level                                                          ; Level2             ; Level2             ;
; Suppress Register Optimization Related Messages                            ; Off                ; Off                ;
; Number of Removed Registers Reported in Synthesis Report                   ; 5000               ; 5000               ;
; Number of Swept Nodes Reported in Synthesis Report                         ; 5000               ; 5000               ;
; Number of Inverted Registers Reported in Synthesis Report                  ; 100                ; 100                ;
; Clock MUX Protection                                                       ; On                 ; On                 ;
; Auto Gated Clock Conversion                                                ; Off                ; Off                ;
; Block Design Naming                                                        ; Auto               ; Auto               ;
; SDC constraint protection                                                  ; Off                ; Off                ;
; Synthesis Effort                                                           ; Auto               ; Auto               ;
; Shift Register Replacement - Allow Asynchronous Clear Signal               ; On                 ; On                 ;
; Pre-Mapping Resynthesis Optimization                                       ; Off                ; Off                ;
; Analysis & Synthesis Message Level                                         ; Medium             ; Medium             ;
; Disable Register Merging Across Hierarchies                                ; Auto               ; Auto               ;
; Resource Aware Inference For Block RAM                                     ; On                 ; On                 ;
; Synthesis Seed                                                             ; 1                  ; 1                  ;
+----------------------------------------------------------------------------+--------------------+--------------------+


Parallel compilation was disabled, but you have multiple processors available. Enable parallel compilation to reduce compilation time.
+-------------------------------------+
; Parallel Compilation                ;
+----------------------------+--------+
; Processors                 ; Number ;
+----------------------------+--------+
; Number detected on machine ; 8      ;
; Maximum allowed            ; 1      ;
+----------------------------+--------+


+-----------------------------------------------------------------------------------------------------------------------------------------------------------------+
; Analysis & Synthesis Source Files Read                                                                                                                          ;
+----------------------------------+-----------------+------------------------------+-------------------------------------------------------------------+---------+
; File Name with User-Entered Path ; Used in Netlist ; File Type                    ; File Name with Absolute Path                                      ; Library ;
+----------------------------------+-----------------+------------------------------+-------------------------------------------------------------------+---------+
; main.sv                          ; yes             ; User SystemVerilog HDL File  ; E:/IFE_2017/Software/SYSTEM_VERILOG_DISPLAY/main.sv               ;         ;
; display_controller.sv            ; yes             ; User SystemVerilog HDL File  ; E:/IFE_2017/Software/SYSTEM_VERILOG_DISPLAY/display_controller.sv ;         ;
+----------------------------------+-----------------+------------------------------+-------------------------------------------------------------------+---------+


+------------------------------------------------------------------------------------+
; Analysis & Synthesis Resource Usage Summary                                        ;
+---------------------------------------------+--------------------------------------+
; Resource                                    ; Usage                                ;
+---------------------------------------------+--------------------------------------+
; Estimated Total logic elements              ; 49                                   ;
;                                             ;                                      ;
; Total combinational functions               ; 45                                   ;
; Logic element usage by number of LUT inputs ;                                      ;
;     -- 4 input functions                    ; 18                                   ;
;     -- 3 input functions                    ; 1                                    ;
;     -- <=2 input functions                  ; 26                                   ;
;                                             ;                                      ;
; Logic elements by mode                      ;                                      ;
;     -- normal mode                          ; 27                                   ;
;     -- arithmetic mode                      ; 18                                   ;
;                                             ;                                      ;
; Total registers                             ; 26                                   ;
;     -- Dedicated logic registers            ; 26                                   ;
;     -- I/O registers                        ; 0                                    ;
;                                             ;                                      ;
; I/O pins                                    ; 43                                   ;
; Embedded Multiplier 9-bit elements          ; 0                                    ;
; Maximum fan-out node                        ; display_controller:display|pixel_clk ;
; Maximum fan-out                             ; 21                                   ;
; Total fan-out                               ; 207                                  ;
; Average fan-out                             ; 1.82                                 ;
+---------------------------------------------+--------------------------------------+


+----------------------------------------------------------------------------------------------------------------------------------------------------------------------------------------------+
; Analysis & Synthesis Resource Utilization by Entity                                                                                                                                          ;
+---------------------------------+-------------------+--------------+-------------+--------------+---------+-----------+------+--------------+---------------------------------+--------------+
; Compilation Hierarchy Node      ; LC Combinationals ; LC Registers ; Memory Bits ; DSP Elements ; DSP 9x9 ; DSP 18x18 ; Pins ; Virtual Pins ; Full Hierarchy Name             ; Library Name ;
+---------------------------------+-------------------+--------------+-------------+--------------+---------+-----------+------+--------------+---------------------------------+--------------+
; |top                            ; 45 (0)            ; 26 (0)       ; 0           ; 0            ; 0       ; 0         ; 43   ; 0            ; |top                            ; work         ;
;    |display_controller:display| ; 45 (45)           ; 26 (26)      ; 0           ; 0            ; 0       ; 0         ; 0    ; 0            ; |top|display_controller:display ; work         ;
+---------------------------------+-------------------+--------------+-------------+--------------+---------+-----------+------+--------------+---------------------------------+--------------+
Note: For table entries with two numbers listed, the numbers in parentheses indicate the number of resources of the given type used by the specific entity alone. The numbers listed outside of parentheses indicate the total resources of the given type used by the specific entity and all of its sub-entities in the hierarchy.


Encoding Type:  One-Hot
+---------------------------------------------------------------------------------------------------------------+
; State Machine - |top|display_controller:display|state_clk                                                     ;
+---------------+---------------+---------------+---------------+---------------+---------------+---------------+
; Name          ; state_clk.s_5 ; state_clk.s_4 ; state_clk.s_3 ; state_clk.s_2 ; state_clk.s_1 ; state_clk.s_0 ;
+---------------+---------------+---------------+---------------+---------------+---------------+---------------+
; state_clk.s_0 ; 0             ; 0             ; 0             ; 0             ; 0             ; 0             ;
; state_clk.s_1 ; 0             ; 0             ; 0             ; 0             ; 1             ; 1             ;
; state_clk.s_2 ; 0             ; 0             ; 0             ; 1             ; 0             ; 1             ;
; state_clk.s_3 ; 0             ; 0             ; 1             ; 0             ; 0             ; 1             ;
; state_clk.s_4 ; 0             ; 1             ; 0             ; 0             ; 0             ; 1             ;
; state_clk.s_5 ; 1             ; 0             ; 0             ; 0             ; 0             ; 1             ;
+---------------+---------------+---------------+---------------+---------------+---------------+---------------+


+--------------------------------------------------------------+
; Registers Removed During Synthesis                           ;
+-----------------------------------------+--------------------+
; Register name                           ; Reason for Removal ;
+-----------------------------------------+--------------------+
; display_controller:display|state_clk~2  ; Lost fanout        ;
; display_controller:display|state_clk~3  ; Lost fanout        ;
; display_controller:display|state_clk~4  ; Lost fanout        ;
; display_controller:display|state_clk~5  ; Lost fanout        ;
; display_controller:display|state_clk~6  ; Lost fanout        ;
; display_controller:display|state_clk~7  ; Lost fanout        ;
; display_controller:display|state_clk~8  ; Lost fanout        ;
; display_controller:display|state_clk~9  ; Lost fanout        ;
; display_controller:display|state_clk~10 ; Lost fanout        ;
; display_controller:display|state_clk~11 ; Lost fanout        ;
; display_controller:display|state_clk~12 ; Lost fanout        ;
; display_controller:display|state_clk~13 ; Lost fanout        ;
; display_controller:display|state_clk~14 ; Lost fanout        ;
; display_controller:display|state_clk~15 ; Lost fanout        ;
; display_controller:display|state_clk~16 ; Lost fanout        ;
; display_controller:display|state_clk~17 ; Lost fanout        ;
; display_controller:display|state_clk~18 ; Lost fanout        ;
; display_controller:display|state_clk~19 ; Lost fanout        ;
; display_controller:display|state_clk~20 ; Lost fanout        ;
; display_controller:display|state_clk~21 ; Lost fanout        ;
; display_controller:display|state_clk~22 ; Lost fanout        ;
; display_controller:display|state_clk~23 ; Lost fanout        ;
; display_controller:display|state_clk~24 ; Lost fanout        ;
; display_controller:display|state_clk~25 ; Lost fanout        ;
; display_controller:display|state_clk~26 ; Lost fanout        ;
; display_controller:display|state_clk~27 ; Lost fanout        ;
; display_controller:display|state_clk~28 ; Lost fanout        ;
; display_controller:display|state_clk~29 ; Lost fanout        ;
; display_controller:display|state_clk~30 ; Lost fanout        ;
; display_controller:display|state_clk~31 ; Lost fanout        ;
; display_controller:display|state_clk~32 ; Lost fanout        ;
; display_controller:display|state_clk~33 ; Lost fanout        ;
; Total Number of Removed Registers = 32  ;                    ;
+-----------------------------------------+--------------------+


+------------------------------------------------------+
; General Register Statistics                          ;
+----------------------------------------------+-------+
; Statistic                                    ; Value ;
+----------------------------------------------+-------+
; Total registers                              ; 26    ;
; Number of registers using Synchronous Clear  ; 0     ;
; Number of registers using Synchronous Load   ; 0     ;
; Number of registers using Asynchronous Clear ; 20    ;
; Number of registers using Asynchronous Load  ; 0     ;
; Number of registers using Clock Enable       ; 10    ;
; Number of registers using Preset             ; 0     ;
+----------------------------------------------+-------+


+-------------------------------------------------------------------------+
; Parameter Settings for User Entity Instance: display_controller:display ;
+----------------+------------+-------------------------------------------+
; Parameter Name ; Value      ; Type                                      ;
+----------------+------------+-------------------------------------------+
; hpixels        ; 1000001100 ; Unsigned Binary                           ;
; vlines         ; 0101011110 ; Unsigned Binary                           ;
+----------------+------------+-------------------------------------------+
Note: In order to hide this table in the UI and the text report file, please set the "Show Parameter Settings in Synthesis Report" option in "Analysis and Synthesis Settings -> More Settings" to "Off".


+-----------------------------------------------------------------------------------------------------------------+
; Port Connectivity Checks: "display_controller:display"                                                          ;
+-------+--------+----------+-------------------------------------------------------------------------------------+
; Port  ; Type   ; Severity ; Details                                                                             ;
+-------+--------+----------+-------------------------------------------------------------------------------------+
; hs    ; Output ; Info     ; Explicitly unconnected                                                              ;
; vs    ; Output ; Info     ; Explicitly unconnected                                                              ;
; sync  ; Output ; Info     ; Explicitly unconnected                                                              ;
; DrawX ; Output ; Info     ; Connected to dangling logic. Logic that only feeds a dangling port will be removed. ;
; DrawY ; Output ; Info     ; Connected to dangling logic. Logic that only feeds a dangling port will be removed. ;
+-------+--------+----------+-------------------------------------------------------------------------------------+


+-------------------------------+
; Elapsed Time Per Partition    ;
+----------------+--------------+
; Partition Name ; Elapsed Time ;
+----------------+--------------+
; Top            ; 00:00:00     ;
+----------------+--------------+


+-------------------------------+
; Analysis & Synthesis Messages ;
+-------------------------------+
Info: *******************************************************************
Info: Running Quartus II 64-Bit Analysis & Synthesis
    Info: Version 13.0.1 Build 232 06/12/2013 Service Pack 1 SJ Web Edition
    Info: Processing started: Tue Nov 07 00:13:46 2017
Info: Command: quartus_map --read_settings_files=on --write_settings_files=off IFE_Display_2017 -c IFE_Display_2017
Warning (20028): Parallel compilation is not licensed and has been disabled
Info (12021): Found 1 design units, including 1 entities, in source file main.sv
    Info (12023): Found entity 1: top
Warning (10261): Verilog HDL Event Control warning at registers.sv(15): Event Control contains a complex event expression
Info (12021): Found 1 design units, including 1 entities, in source file registers.sv
    Info (12023): Found entity 1: registers
Info (12021): Found 1 design units, including 1 entities, in source file sprites.sv
    Info (12023): Found entity 1: background
Info (12021): Found 1 design units, including 1 entities, in source file display_controller.sv
    Info (12023): Found entity 1: display_controller
Info (12021): Found 1 design units, including 1 entities, in source file test_bench.sv
    Info (12023): Found entity 1: display_tb
Info (12127): Elaborating entity "top" for the top level hierarchy
Info (12128): Elaborating entity "display_controller" for hierarchy "display_controller:display"
Warning (13024): Output pins are stuck at VCC or GND
    Warning (13410): Pin "led_1" is stuck at GND
    Warning (13410): Pin "led_2" is stuck at GND
    Warning (13410): Pin "R[0]" is stuck at GND
    Warning (13410): Pin "R[1]" is stuck at GND
    Warning (13410): Pin "R[2]" is stuck at GND
    Warning (13410): Pin "R[3]" is stuck at GND
    Warning (13410): Pin "R[4]" is stuck at VCC
    Warning (13410): Pin "R[5]" is stuck at VCC
    Warning (13410): Pin "R[6]" is stuck at VCC
    Warning (13410): Pin "R[7]" is stuck at VCC
    Warning (13410): Pin "G[0]" is stuck at GND
    Warning (13410): Pin "G[1]" is stuck at GND
    Warning (13410): Pin "G[2]" is stuck at GND
    Warning (13410): Pin "G[3]" is stuck at GND
    Warning (13410): Pin "G[4]" is stuck at GND
    Warning (13410): Pin "G[5]" is stuck at GND
    Warning (13410): Pin "G[6]" is stuck at GND
    Warning (13410): Pin "G[7]" is stuck at GND
    Warning (13410): Pin "B[0]" is stuck at GND
    Warning (13410): Pin "B[1]" is stuck at GND
    Warning (13410): Pin "B[2]" is stuck at GND
    Warning (13410): Pin "B[3]" is stuck at GND
    Warning (13410): Pin "B[4]" is stuck at GND
    Warning (13410): Pin "B[5]" is stuck at GND
    Warning (13410): Pin "B[6]" is stuck at GND
    Warning (13410): Pin "B[7]" is stuck at VCC
    Warning (13410): Pin "VSYNC" is stuck at GND
    Warning (13410): Pin "HSYNC" is stuck at GND
    Warning (13410): Pin "DISP_EN" is stuck at VCC
Info (17049): 32 registers lost all their fanouts during netlist optimizations.
Info (16010): Generating hard_block partition "hard_block:auto_generated_inst"
    Info (16011): Adding 0 node(s), including 0 DDIO, 0 PLL, 0 transceiver and 0 LCELL
Warning (21074): Design contains 10 input pin(s) that do not drive logic
    Warning (15610): No output dependent on input pin "fpga_port_in[0]"
    Warning (15610): No output dependent on input pin "fpga_port_in[1]"
    Warning (15610): No output dependent on input pin "fpga_port_in[2]"
    Warning (15610): No output dependent on input pin "fpga_port_in[3]"
    Warning (15610): No output dependent on input pin "fpga_port_in[4]"
    Warning (15610): No output dependent on input pin "fpga_port_in[5]"
    Warning (15610): No output dependent on input pin "fpga_port_in[6]"
    Warning (15610): No output dependent on input pin "fpga_port_in[7]"
    Warning (15610): No output dependent on input pin "fpga_rsel"
    Warning (15610): No output dependent on input pin "fpga_write"
Info (21057): Implemented 92 device resources after synthesis - the final resource count might be different
    Info (21058): Implemented 12 input pins
    Info (21059): Implemented 31 output pins
    Info (21061): Implemented 49 logic cells
Info: Quartus II 64-Bit Analysis & Synthesis was successful. 0 errors, 43 warnings
    Info: Peak virtual memory: 475 megabytes
    Info: Processing ended: Tue Nov 07 00:13:48 2017
    Info: Elapsed time: 00:00:02
    Info: Total CPU time (on all processors): 00:00:01


