Flow report for IFE_Display_2017
Mon Dec 11 19:35:23 2017
Quartus II 64-Bit Version 13.0.1 Build 232 06/12/2013 Service Pack 1 SJ Web Edition


---------------------
; Table of Contents ;
---------------------
  1. Legal Notice
  2. Flow Summary
  3. Flow Settings
  4. Flow Non-Default Global Settings
  5. Flow Elapsed Time
  6. Flow OS Summary
  7. Flow Log
  8. Flow Messages
  9. Flow Suppressed Messages



----------------
; Legal Notice ;
----------------
Copyright (C) 1991-2013 Altera Corporation
Your use of Altera Corporation's design tools, logic functions 
and other software and tools, and its AMPP partner logic 
functions, and any output files from any of the foregoing 
(including device programming or simulation files), and any 
associated documentation or information are expressly subject 
to the terms and conditions of the Altera Program License 
Subscription Agreement, Altera MegaCore Function License 
Agreement, or other applicable license agreement, including, 
without limitation, that your use is for the sole purpose of 
programming logic devices manufactured by Altera and sold by 
Altera or its authorized distributors.  Please refer to the 
applicable agreement for further details.



+--------------------------------------------------------------------------------------+
; Flow Summary                                                                         ;
+------------------------------------+-------------------------------------------------+
; Flow Status                        ; Successful - Mon Dec 11 19:35:23 2017           ;
; Quartus II 64-Bit Version          ; 13.0.1 Build 232 06/12/2013 SP 1 SJ Web Edition ;
; Revision Name                      ; IFE_Display_2017                                ;
; Top-level Entity Name              ; top                                             ;
; Family                             ; Cyclone II                                      ;
; Device                             ; EP2C5T144C8                                     ;
; Timing Models                      ; Final                                           ;
; Total logic elements               ; 996 / 4,608 ( 22 % )                            ;
;     Total combinational functions  ; 993 / 4,608 ( 22 % )                            ;
;     Dedicated logic registers      ; 26 / 4,608 ( < 1 % )                            ;
; Total registers                    ; 26                                              ;
; Total pins                         ; 43 / 89 ( 48 % )                                ;
; Total virtual pins                 ; 0                                               ;
; Total memory bits                  ; 0 / 119,808 ( 0 % )                             ;
; Embedded Multiplier 9-bit elements ; 0 / 26 ( 0 % )                                  ;
; Total PLLs                         ; 0 / 2 ( 0 % )                                   ;
+------------------------------------+-------------------------------------------------+


+-----------------------------------------+
; Flow Settings                           ;
+-------------------+---------------------+
; Option            ; Setting             ;
+-------------------+---------------------+
; Start date & time ; 12/11/2017 19:34:57 ;
; Main task         ; Compilation         ;
; Revision Name     ; IFE_Display_2017    ;
+-------------------+---------------------+


+-------------------------------------------------------------------------------------------------------------------------------------------+
; Flow Non-Default Global Settings                                                                                                          ;
+-------------------------------------------------+---------------------------------------+------------------+-------------+----------------+
; Assignment Name                                 ; Value                                 ; Default Value    ; Entity Name ; Section Id     ;
+-------------------------------------------------+---------------------------------------+------------------+-------------+----------------+
; COMPILER_SIGNATURE_ID                           ; 189794995867165.151304249610728       ; --               ; --          ; --             ;
; EDA_DESIGN_INSTANCE_NAME                        ; NA                                    ; --               ; --          ; display_tb     ;
; EDA_NATIVELINK_SIMULATION_TEST_BENCH            ; display_tb                            ; --               ; --          ; eda_simulation ;
; EDA_OUTPUT_DATA_FORMAT                          ; Systemverilog Hdl                     ; --               ; --          ; eda_simulation ;
; EDA_SIMULATION_TOOL                             ; ModelSim-Altera (SystemVerilog)       ; <None>           ; --          ; --             ;
; EDA_TEST_BENCH_ENABLE_STATUS                    ; TEST_BENCH_MODE                       ; --               ; --          ; eda_simulation ;
; EDA_TEST_BENCH_FILE                             ; test_bench.sv                         ; --               ; --          ; display_tb     ;
; EDA_TEST_BENCH_MODULE_NAME                      ; display_tb                            ; --               ; --          ; display_tb     ;
; EDA_TEST_BENCH_NAME                             ; display_tb                            ; --               ; --          ; eda_simulation ;
; EDA_TEST_BENCH_RUN_SIM_FOR                      ; 50000 ns                              ; --               ; --          ; display_tb     ;
; EDA_TIME_SCALE                                  ; 1 ns                                  ; --               ; --          ; eda_simulation ;
; MAX_CORE_JUNCTION_TEMP                          ; 85                                    ; --               ; --          ; --             ;
; MIN_CORE_JUNCTION_TEMP                          ; 0                                     ; --               ; --          ; --             ;
; PARTITION_COLOR                                 ; 16764057                              ; --               ; top         ; Top            ;
; PARTITION_FITTER_PRESERVATION_LEVEL             ; PLACEMENT_AND_ROUTING                 ; --               ; top         ; Top            ;
; PARTITION_NETLIST_TYPE                          ; SOURCE                                ; --               ; top         ; Top            ;
; PHYSICAL_SYNTHESIS_EFFORT                       ; Extra                                 ; Normal           ; --          ; --             ;
; PHYSICAL_SYNTHESIS_MAP_LOGIC_TO_MEMORY_FOR_AREA ; On                                    ; Off              ; --          ; --             ;
; POWER_BOARD_THERMAL_MODEL                       ; None (CONSERVATIVE)                   ; --               ; --          ; --             ;
; POWER_PRESET_COOLING_SOLUTION                   ; 23 MM HEAT SINK WITH 200 LFPM AIRFLOW ; --               ; --          ; --             ;
; PROJECT_OUTPUT_DIRECTORY                        ; output_files                          ; --               ; --          ; --             ;
; TOP_LEVEL_ENTITY                                ; top                                   ; IFE_Display_2017 ; --          ; --             ;
+-------------------------------------------------+---------------------------------------+------------------+-------------+----------------+


+-------------------------------------------------------------------------------------------------------------------------------+
; Flow Elapsed Time                                                                                                             ;
+---------------------------+--------------+-------------------------+---------------------+------------------------------------+
; Module Name               ; Elapsed Time ; Average Processors Used ; Peak Virtual Memory ; Total CPU Time (on all processors) ;
+---------------------------+--------------+-------------------------+---------------------+------------------------------------+
; Analysis & Synthesis      ; 00:00:15     ; 1.0                     ; 567 MB              ; 00:00:14                           ;
; Fitter                    ; 00:00:05     ; 1.0                     ; 696 MB              ; 00:00:05                           ;
; Assembler                 ; 00:00:01     ; 1.0                     ; 442 MB              ; 00:00:01                           ;
; TimeQuest Timing Analyzer ; 00:00:01     ; 1.0                     ; 446 MB              ; 00:00:01                           ;
; EDA Netlist Writer        ; 00:00:01     ; 1.0                     ; 417 MB              ; 00:00:01                           ;
; Total                     ; 00:00:23     ; --                      ; --                  ; 00:00:22                           ;
+---------------------------+--------------+-------------------------+---------------------+------------------------------------+


+----------------------------------------------------------------------------------------+
; Flow OS Summary                                                                        ;
+---------------------------+------------------+-----------+------------+----------------+
; Module Name               ; Machine Hostname ; OS Name   ; OS Version ; Processor type ;
+---------------------------+------------------+-----------+------------+----------------+
; Analysis & Synthesis      ; iotop            ; Windows 7 ; 6.2        ; x86_64         ;
; Fitter                    ; iotop            ; Windows 7 ; 6.2        ; x86_64         ;
; Assembler                 ; iotop            ; Windows 7 ; 6.2        ; x86_64         ;
; TimeQuest Timing Analyzer ; iotop            ; Windows 7 ; 6.2        ; x86_64         ;
; EDA Netlist Writer        ; iotop            ; Windows 7 ; 6.2        ; x86_64         ;
+---------------------------+------------------+-----------+------------+----------------+


------------
; Flow Log ;
------------
quartus_map --read_settings_files=on --write_settings_files=off IFE_Display_2017 -c IFE_Display_2017
quartus_fit --read_settings_files=off --write_settings_files=off IFE_Display_2017 -c IFE_Display_2017
quartus_asm --read_settings_files=off --write_settings_files=off IFE_Display_2017 -c IFE_Display_2017
quartus_sta IFE_Display_2017 -c IFE_Display_2017
quartus_eda --read_settings_files=off --write_settings_files=off IFE_Display_2017 -c IFE_Display_2017



