EDA Netlist Writer report for IFE_Display_2017
Mon Apr 16 00:11:40 2018
Quartus Prime Version 17.1.0 Build 590 10/25/2017 SJ Lite Edition


---------------------
; Table of Contents ;
---------------------
  1. Legal Notice
  2. EDA Netlist Writer Summary
  3. Simulation Settings
  4. Simulation Generated Files
  5. EDA Netlist Writer Messages



----------------
; Legal Notice ;
----------------
Copyright (C) 2017  Intel Corporation. All rights reserved.
Your use of Intel Corporation's design tools, logic functions 
and other software and tools, and its AMPP partner logic 
functions, and any output files from any of the foregoing 
(including device programming or simulation files), and any 
associated documentation or information are expressly subject 
to the terms and conditions of the Intel Program License 
Subscription Agreement, the Intel Quartus Prime License Agreement,
the Intel FPGA IP License Agreement, or other applicable license
agreement, including, without limitation, that your use is for
the sole purpose of programming logic devices manufactured by
Intel and sold by Intel or its authorized distributors.  Please
refer to the applicable agreement for further details.



+-------------------------------------------------------------------+
; EDA Netlist Writer Summary                                        ;
+---------------------------+---------------------------------------+
; EDA Netlist Writer Status ; Successful - Mon Apr 16 00:11:40 2018 ;
; Revision Name             ; IFE_Display_2017                      ;
; Top-level Entity Name     ; top                                   ;
; Family                    ; Cyclone 10 LP                         ;
; Simulation Files Creation ; Successful                            ;
+---------------------------+---------------------------------------+


+-------------------------------------------------------------------------------------------------------------------------------------+
; Simulation Settings                                                                                                                 ;
+---------------------------------------------------------------------------------------------------+---------------------------------+
; Option                                                                                            ; Setting                         ;
+---------------------------------------------------------------------------------------------------+---------------------------------+
; Tool Name                                                                                         ; ModelSim-Altera (SystemVerilog) ;
; Generate functional simulation netlist                                                            ; Off                             ;
; Time scale                                                                                        ; 1 ns                            ;
; Truncate long hierarchy paths                                                                     ; Off                             ;
; Map illegal HDL characters                                                                        ; Off                             ;
; Flatten buses into individual nodes                                                               ; Off                             ;
; Maintain hierarchy                                                                                ; Off                             ;
; Bring out device-wide set/reset signals as ports                                                  ; Off                             ;
; Enable glitch filtering                                                                           ; Off                             ;
; Do not write top level VHDL entity                                                                ; Off                             ;
; Disable detection of setup and hold time violations in the input registers of bi-directional pins ; Off                             ;
; Architecture name in VHDL output netlist                                                          ; structure                       ;
; Generate third-party EDA tool command script for RTL functional simulation                        ; Off                             ;
; Generate third-party EDA tool command script for gate-level simulation                            ; Off                             ;
+---------------------------------------------------------------------------------------------------+---------------------------------+


+--------------------------------------------------------------------------------------------------------------------------------------------------+
; Simulation Generated Files                                                                                                                       ;
+--------------------------------------------------------------------------------------------------------------------------------------------------+
; Generated Files                                                                                                                                  ;
+--------------------------------------------------------------------------------------------------------------------------------------------------+
; C:/Users/anges/Documents/IFE/IFE_DISPLAY_2017_18/Software/SYSTEM_VERILOG_DISPLAY/simulation/modelsim/IFE_Display_2017_8l_1000mv_100c_slow.svo    ;
; C:/Users/anges/Documents/IFE/IFE_DISPLAY_2017_18/Software/SYSTEM_VERILOG_DISPLAY/simulation/modelsim/IFE_Display_2017_8l_1000mv_-40c_slow.svo    ;
; C:/Users/anges/Documents/IFE/IFE_DISPLAY_2017_18/Software/SYSTEM_VERILOG_DISPLAY/simulation/modelsim/IFE_Display_2017_min_1000mv_-40c_fast.svo   ;
; C:/Users/anges/Documents/IFE/IFE_DISPLAY_2017_18/Software/SYSTEM_VERILOG_DISPLAY/simulation/modelsim/IFE_Display_2017.svo                        ;
; C:/Users/anges/Documents/IFE/IFE_DISPLAY_2017_18/Software/SYSTEM_VERILOG_DISPLAY/simulation/modelsim/IFE_Display_2017_8l_1000mv_100c_v_slow.sdo  ;
; C:/Users/anges/Documents/IFE/IFE_DISPLAY_2017_18/Software/SYSTEM_VERILOG_DISPLAY/simulation/modelsim/IFE_Display_2017_8l_1000mv_-40c_v_slow.sdo  ;
; C:/Users/anges/Documents/IFE/IFE_DISPLAY_2017_18/Software/SYSTEM_VERILOG_DISPLAY/simulation/modelsim/IFE_Display_2017_min_1000mv_-40c_v_fast.sdo ;
; C:/Users/anges/Documents/IFE/IFE_DISPLAY_2017_18/Software/SYSTEM_VERILOG_DISPLAY/simulation/modelsim/IFE_Display_2017_v.sdo                      ;
+--------------------------------------------------------------------------------------------------------------------------------------------------+


+-----------------------------+
; EDA Netlist Writer Messages ;
+-----------------------------+
Info: *******************************************************************
Info: Running Quartus Prime EDA Netlist Writer
    Info: Version 17.1.0 Build 590 10/25/2017 SJ Lite Edition
    Info: Processing started: Mon Apr 16 00:11:39 2018
Info: Command: quartus_eda --read_settings_files=off --write_settings_files=off IFE_Display_2017 -c IFE_Display_2017
Warning (18236): Number of processors has not been specified which may cause overloading on shared machines.  Set the global assignment NUM_PARALLEL_PROCESSORS in your QSF to an appropriate value for best performance.
Warning (202000): An incorrect timescale is selected for the Verilog Output (.VO) file of this PLL design. It's required that the timescale should be 1 ps when simulating a PLL design in a third party EDA tool.
Info (204019): Generated file IFE_Display_2017_8l_1000mv_100c_slow.svo in folder "C:/Users/anges/Documents/IFE/IFE_DISPLAY_2017_18/Software/SYSTEM_VERILOG_DISPLAY/simulation/modelsim/" for EDA simulation tool
Warning (202000): An incorrect timescale is selected for the Verilog Output (.VO) file of this PLL design. It's required that the timescale should be 1 ps when simulating a PLL design in a third party EDA tool.
Info (204019): Generated file IFE_Display_2017_8l_1000mv_-40c_slow.svo in folder "C:/Users/anges/Documents/IFE/IFE_DISPLAY_2017_18/Software/SYSTEM_VERILOG_DISPLAY/simulation/modelsim/" for EDA simulation tool
Warning (202000): An incorrect timescale is selected for the Verilog Output (.VO) file of this PLL design. It's required that the timescale should be 1 ps when simulating a PLL design in a third party EDA tool.
Info (204019): Generated file IFE_Display_2017_min_1000mv_-40c_fast.svo in folder "C:/Users/anges/Documents/IFE/IFE_DISPLAY_2017_18/Software/SYSTEM_VERILOG_DISPLAY/simulation/modelsim/" for EDA simulation tool
Warning (202000): An incorrect timescale is selected for the Verilog Output (.VO) file of this PLL design. It's required that the timescale should be 1 ps when simulating a PLL design in a third party EDA tool.
Info (204019): Generated file IFE_Display_2017.svo in folder "C:/Users/anges/Documents/IFE/IFE_DISPLAY_2017_18/Software/SYSTEM_VERILOG_DISPLAY/simulation/modelsim/" for EDA simulation tool
Info (204019): Generated file IFE_Display_2017_8l_1000mv_100c_v_slow.sdo in folder "C:/Users/anges/Documents/IFE/IFE_DISPLAY_2017_18/Software/SYSTEM_VERILOG_DISPLAY/simulation/modelsim/" for EDA simulation tool
Info (204019): Generated file IFE_Display_2017_8l_1000mv_-40c_v_slow.sdo in folder "C:/Users/anges/Documents/IFE/IFE_DISPLAY_2017_18/Software/SYSTEM_VERILOG_DISPLAY/simulation/modelsim/" for EDA simulation tool
Info (204019): Generated file IFE_Display_2017_min_1000mv_-40c_v_fast.sdo in folder "C:/Users/anges/Documents/IFE/IFE_DISPLAY_2017_18/Software/SYSTEM_VERILOG_DISPLAY/simulation/modelsim/" for EDA simulation tool
Info (204019): Generated file IFE_Display_2017_v.sdo in folder "C:/Users/anges/Documents/IFE/IFE_DISPLAY_2017_18/Software/SYSTEM_VERILOG_DISPLAY/simulation/modelsim/" for EDA simulation tool
Info: Quartus Prime EDA Netlist Writer was successful. 0 errors, 5 warnings
    Info: Peak virtual memory: 561 megabytes
    Info: Processing ended: Mon Apr 16 00:11:41 2018
    Info: Elapsed time: 00:00:02
    Info: Total CPU time (on all processors): 00:00:02


